TN:
SF:src/FacadeSistemaVuelos.ts
FN:2,bookFlight
FN:9,bookHotel
FN:16,rentCar
FN:23,<instance_members_initializer>
FN:28,bookTravelPackage
FN:41,<instance_members_initializer>
FN:44,bookTrip
FNF:7
FNH:7
FNDA:4,bookFlight
FNDA:4,bookHotel
FNDA:4,rentCar
FNDA:3,<instance_members_initializer>
FNDA:3,bookTravelPackage
FNDA:2,<instance_members_initializer>
FNDA:2,bookTrip
DA:1,1
DA:2,1
DA:3,4
DA:4,4
DA:5,4
DA:6,1
DA:7,1
DA:8,1
DA:9,1
DA:10,4
DA:11,4
DA:12,4
DA:13,1
DA:14,1
DA:15,1
DA:16,1
DA:17,4
DA:18,4
DA:19,4
DA:20,1
DA:21,1
DA:22,1
DA:23,1
DA:24,3
DA:25,3
DA:26,3
DA:27,3
DA:28,3
DA:29,3
DA:30,3
DA:31,3
DA:32,3
DA:33,3
DA:34,3
DA:35,3
DA:36,3
DA:37,3
DA:38,1
DA:39,1
DA:40,1
DA:41,1
DA:42,2
DA:43,2
DA:44,2
DA:45,2
DA:46,2
DA:47,2
DA:48,2
DA:49,2
DA:50,2
DA:51,2
DA:52,2
DA:53,2
DA:54,2
DA:55,1
DA:56,1
DA:57,1
DA:58,1
LF:58
LH:58
BRDA:2,0,0,4
BRDA:9,1,0,4
BRDA:16,2,0,4
BRDA:23,3,0,3
BRDA:28,4,0,3
BRDA:41,5,0,2
BRDA:44,6,0,2
BRF:7
BRH:7
end_of_record
