TN:
SF:src/Noticias/Noticias.ts
FN:7,<instance_members_initializer>
FN:17,Feed
FN:26,getObserver
FN:33,getId
FN:40,getName
FN:47,getFeed
FN:55,subscribe
FN:66,unsubscribe
FN:77,notify
FN:84,feedUpdate
FNF:10
FNH:8
FNDA:2,<instance_members_initializer>
FNDA:2,Feed
FNDA:1,getObserver
FNDA:0,getId
FNDA:0,getName
FNDA:4,getFeed
FNDA:4,subscribe
FNDA:1,unsubscribe
FNDA:2,notify
FNDA:2,feedUpdate
DA:1,1
DA:2,1
DA:3,1
DA:4,1
DA:5,1
DA:6,1
DA:7,1
DA:8,2
DA:9,2
DA:10,2
DA:11,2
DA:12,2
DA:13,2
DA:14,2
DA:15,2
DA:16,2
DA:17,2
DA:18,2
DA:19,2
DA:20,2
DA:21,2
DA:22,2
DA:23,2
DA:24,2
DA:25,2
DA:26,2
DA:27,1
DA:28,1
DA:29,2
DA:30,2
DA:31,2
DA:32,2
DA:33,2
DA:34,0
DA:35,0
DA:36,2
DA:37,2
DA:38,2
DA:39,2
DA:40,2
DA:41,0
DA:42,0
DA:43,2
DA:44,2
DA:45,2
DA:46,2
DA:47,2
DA:48,4
DA:49,4
DA:50,2
DA:51,2
DA:52,2
DA:53,2
DA:54,2
DA:55,2
DA:56,4
DA:57,1
DA:58,4
DA:59,3
DA:60,3
DA:61,4
DA:62,2
DA:63,2
DA:64,2
DA:65,2
DA:66,2
DA:67,1
DA:68,1
DA:69,0
DA:70,1
DA:71,1
DA:72,1
DA:73,1
DA:74,2
DA:75,2
DA:76,2
DA:77,2
DA:78,2
DA:79,2
DA:80,2
DA:81,2
DA:82,2
DA:83,2
DA:84,2
DA:85,2
DA:86,2
DA:87,2
DA:88,2
LF:88
LH:83
BRDA:7,0,0,2
BRDA:17,1,0,2
BRDA:26,2,0,1
BRDA:47,3,0,4
BRDA:55,4,0,4
BRDA:56,5,0,1
BRDA:58,6,0,3
BRDA:66,7,0,1
BRDA:68,8,0,0
BRDA:77,9,0,2
BRDA:78,10,0,3
BRDA:84,11,0,2
BRF:12
BRH:11
end_of_record
TN:
SF:src/Subscriptores/Subcriptores.ts
FN:8,<instance_members_initializer>
FN:14,Subscriptor
FN:22,getId
FN:25,getName
FN:32,update
FNF:5
FNH:5
FNDA:4,<instance_members_initializer>
FNDA:4,Subscriptor
FNDA:1,getId
FNDA:1,getName
FNDA:3,update
DA:1,1
DA:2,1
DA:3,1
DA:4,1
DA:5,1
DA:6,1
DA:7,1
DA:8,1
DA:9,4
DA:10,4
DA:11,4
DA:12,4
DA:13,4
DA:14,4
DA:15,4
DA:16,4
DA:17,4
DA:18,4
DA:19,4
DA:20,4
DA:21,4
DA:22,4
DA:23,1
DA:24,1
DA:25,4
DA:26,1
DA:27,1
DA:28,4
DA:29,4
DA:30,4
DA:31,4
DA:32,4
DA:33,3
DA:34,3
DA:35,3
DA:36,3
DA:37,4
DA:38,4
LF:38
LH:38
BRDA:8,0,0,4
BRDA:14,1,0,4
BRDA:22,2,0,1
BRDA:25,3,0,1
BRDA:32,4,0,3
BRF:5
BRH:5
end_of_record
